\BOOKMARK [1][-]{chapter*.1}{मङ्गलम्}{}% 1
\BOOKMARK [-1][-]{part*.2}{शास्त्रत्वसम्पादनोद्देशप्रकरणम् }{}% 2
\BOOKMARK [0][-]{section*.3}{व्याख्यानतो विशेष}{part*.2}% 3
\BOOKMARK [1][-]{section*.3}{यथोद्देशं}{part*.2}% 4
\BOOKMARK [1][-]{section*.3}{अनेकान्ताः}{part*.2}% 5
\BOOKMARK [1][-]{section*.3}{एकान्ताः}{part*.2}% 6
\BOOKMARK [1][-]{section*.3}{नानुबन्धकृतम्}{part*.2}% 7
\BOOKMARK [1][-]{section*.3}{नानुबन्धकृतमनेजन्तत्वम्}{part*.2}% 8
\BOOKMARK [1][-]{section*.3}{नानुबन्धकृतमसारूप्यम्}{part*.2}% 9
\BOOKMARK [1][-]{section*.3}{उभयगतिरिह}{part*.2}% 10
\BOOKMARK [1][-]{section*.3}{कार्यमनुभवन्हि}{part*.2}% 11
\BOOKMARK [1][-]{section*.3}{यदागमास्तद्गुणीभूताः}{part*.2}% 12
\BOOKMARK [1][-]{section*.3}{निर्दिश्यमानस्य}{part*.2}% 13
\BOOKMARK [1][-]{section*.3}{यत्रानेकविधमान्तर्यम्}{part*.2}% 14
\BOOKMARK [1][-]{section*.3}{अर्थवद्ग्रहणे}{part*.2}% 15
\BOOKMARK [1][-]{section*.3}{गौणमुख्ययोर्मुख्ये}{part*.2}% 16
\BOOKMARK [1][-]{section*.3}{अनिनस्मन्ग्रहणानि}{part*.2}% 17
\BOOKMARK [1][-]{section*.3}{एकयोगनिर्दिष्टानाम्}{part*.2}% 18
\BOOKMARK [1][-]{section*.3}{क्वचिदेकदेशोऽपि}{part*.2}% 19
\BOOKMARK [1][-]{section*.3}{भाव्यमानेन}{part*.2}% 20
\BOOKMARK [1][-]{section*.3}{भाव्यमानोऽप्युकारः}{part*.2}% 21
\BOOKMARK [1][-]{section*.3}{वर्णाश्रये नास्ति}{part*.2}% 22
\BOOKMARK [1][-]{section*.3}{उणादयोऽव्युत्पन्नानि}{part*.2}% 23
\BOOKMARK [1][-]{section*.3}{प्रत्ययग्रहणे यस्मात्स}{part*.2}% 24
\BOOKMARK [1][-]{section*.3}{प्रत्ययग्रहणे}{part*.2}% 25
\BOOKMARK [1][-]{section*.3}{उत्तरपदाधिकारे}{part*.2}% 26
\BOOKMARK [1][-]{section*.3}{स्त्रीप्रत्यये}{part*.2}% 27
\BOOKMARK [1][-]{section*.3}{संज्ञाविधौ प्रत्ययग्रहणे}{part*.2}% 28
\BOOKMARK [1][-]{section*.3}{कृद्ग्रहणे गतिकारक}{part*.2}% 29
\BOOKMARK [1][-]{section*.3}{पदाङ्गाधिकारे}{part*.2}% 30
\BOOKMARK [1][-]{section*.3}{व्यपदेशिवदेकस्मिन्}{part*.2}% 31
\BOOKMARK [1][-]{section*.3}{ग्रहणवता प्रातिपदिकेन}{part*.2}% 32
\BOOKMARK [1][-]{section*.3}{व्यपदेशिवद्भावः}{part*.2}% 33
\BOOKMARK [1][-]{section*.3}{यस्मिन्विधिस्तदादावल्ग्रहणे}{part*.2}% 34
\BOOKMARK [1][-]{section*.3}{सर्वो द्वन्द्वो}{part*.2}% 35
\BOOKMARK [1][-]{section*.3}{सर्वे विधयश्छन्दसि}{part*.2}% 36
\BOOKMARK [1][-]{section*.3}{प्रकृतिवदनुकरणम्}{part*.2}% 37
\BOOKMARK [1][-]{section*.3}{एकदेशविकृतम्}{part*.2}% 38
\BOOKMARK [-1][-]{part*.4}{बाधबीजप्रकरणम् }{}% 39
\BOOKMARK [0][-]{section*.5}{पूर्वपरनित्यान्तरङ्ग}{part*.4}% 40
\BOOKMARK [1][-]{section*.5}{पुनः प्रसङ्गविज्ञानात्}{part*.4}% 41
\BOOKMARK [1][-]{section*.5}{सकृद्गतौ विप्रतिषेधे}{part*.4}% 42
\BOOKMARK [1][-]{section*.5}{विकरणेभ्यो नियमः}{part*.4}% 43
\BOOKMARK [1][-]{section*.5}{परान्नित्यं बलवत् }{part*.4}% 44
\BOOKMARK [1][-]{section*.5}{कृताकृतप्रसङ्गि नित्यम्}{part*.4}% 45
\BOOKMARK [1][-]{section*.5}{शब्दान्तरस्य प्राप्नुवन्}{part*.4}% 46
\BOOKMARK [1][-]{section*.5}{शब्दान्तरात्प्राप्नुवतः}{part*.4}% 47
\BOOKMARK [1][-]{section*.5}{लक्षणान्तरेण प्राप्नुवन्}{part*.4}% 48
\BOOKMARK [1][-]{section*.5}{क्वचित्कृताकृत}{part*.4}% 49
\BOOKMARK [1][-]{section*.5}{यस्य च लक्षणान्तरेण}{part*.4}% 50
\BOOKMARK [1][-]{section*.5}{यस्य च लक्षणान्तरेण}{part*.4}% 51
\BOOKMARK [1][-]{section*.5}{स्वरभिन्नस्य प्राप्नुवन्}{part*.4}% 52
\BOOKMARK [1][-]{section*.5}{असिद्धं बहिरङ्गं}{part*.4}% 53
\BOOKMARK [1][-]{section*.5}{नाजानन्तर्ये}{part*.4}% 54
\BOOKMARK [1][-]{section*.5}{अन्तरङ्गानपि विधीन्}{part*.4}% 55
\BOOKMARK [1][-]{section*.5}{पूर्वोत्तरपदनिमित्तकार्यात्}{part*.4}% 56
\BOOKMARK [1][-]{section*.5}{अन्तरङ्गानपि विधीन्}{part*.4}% 57
\BOOKMARK [1][-]{section*.5}{वार्णादाङ्गम्}{part*.4}% 58
\BOOKMARK [1][-]{section*.5}{अकृतव्यूहाः}{part*.4}% 59
\BOOKMARK [1][-]{section*.5}{येन नाप्राप्ते यो विधिः}{part*.4}% 60
\BOOKMARK [1][-]{section*.5}{क्वचिदपवादविषयेऽपि}{part*.4}% 61
\BOOKMARK [1][-]{section*.5}{पुरस्तादपवादाः}{part*.4}% 62
\BOOKMARK [1][-]{section*.5}{मध्येऽपवादाः}{part*.4}% 63
\BOOKMARK [1][-]{section*.5}{अनन्तरस्य विधिर्वा}{part*.4}% 64
\BOOKMARK [1][-]{section*.5}{पूर्वं ह्यपवादाः}{part*.4}% 65
\BOOKMARK [1][-]{section*.5}{प्रकल्प्य चापवादविषयं}{part*.4}% 66
\BOOKMARK [1][-]{section*.5}{उपसञ्जनिष्यमाणनिमित्तोऽपि}{part*.4}% 67
\BOOKMARK [1][-]{section*.5}{अपवादो यद्यन्यत्र}{part*.4}% 68
\BOOKMARK [1][-]{section*.5}{अभ्यासविकारेषु}{part*.4}% 69
\BOOKMARK [1][-]{section*.5}{ताच्छीलिकेषु}{part*.4}% 70
\BOOKMARK [1][-]{section*.5}{क्तल्युट्तुमुन्खलर्थेषु}{part*.4}% 71
\BOOKMARK [1][-]{section*.5}{लादेशेषु वासरूप}{part*.4}% 72
\BOOKMARK [1][-]{section*.5}{उभयनिर्देशे पञ्चमी}{part*.4}% 73
\BOOKMARK [-1][-]{part*.6}{शास्त्रशेषप्रकरणम् }{}% 74
\BOOKMARK [0][-]{section*.7}{प्रातिपदिकग्रहणे}{part*.6}% 75
\BOOKMARK [1][-]{section*.7}{विभक्तौ लिङ्गविशिष्ट}{part*.6}% 76
\BOOKMARK [1][-]{section*.7}{सूत्रे लिङ्गवचनम्}{part*.6}% 77
\BOOKMARK [1][-]{section*.7}{नञिव युक्तमन्य}{part*.6}% 78
\BOOKMARK [1][-]{section*.7}{गतिकारकोपपदानाम्}{part*.6}% 79
\BOOKMARK [1][-]{section*.7}{साम्प्रतिकाभावे}{part*.6}% 80
\BOOKMARK [1][-]{section*.7}{बहुव्रीहौ तद्गुण}{part*.6}% 81
\BOOKMARK [1][-]{section*.7}{चानुकृष्टं नोत्तरत्र}{part*.6}% 82
\BOOKMARK [1][-]{section*.7}{स्वरविधौ व्यञ्जनम्}{part*.6}% 83
\BOOKMARK [1][-]{section*.7}{हल्स्वरप्राप्तौ व्यञ्जनम्}{part*.6}% 84
\BOOKMARK [1][-]{section*.7}{निरनुबन्धकग्रहणे}{part*.6}% 85
\BOOKMARK [1][-]{section*.7}{तदनुबन्धकग्रहणे}{part*.6}% 86
\BOOKMARK [1][-]{section*.7}{क्वचित्स्वार्थिकाः प्रकृतितः}{part*.6}% 87
\BOOKMARK [1][-]{section*.7}{समासान्तविधिरनित्यः}{part*.6}% 88
\BOOKMARK [1][-]{section*.7}{सन्निपातलक्षणो विधिः}{part*.6}% 89
\BOOKMARK [1][-]{section*.7}{सन्नियोगशिष्टानामन्यतर}{part*.6}% 90
\BOOKMARK [1][-]{section*.7}{ताच्छीलिके णे}{part*.6}% 91
\BOOKMARK [1][-]{section*.7}{धातोः कार्यमुच्यमानं}{part*.6}% 92
\BOOKMARK [1][-]{section*.7}{तन्मध्यपतितः}{part*.6}% 93
\BOOKMARK [1][-]{section*.7}{लुग्विकरणालुग्विकरणयोः}{part*.6}% 94
\BOOKMARK [1][-]{section*.7}{प्रकृतिग्रहणे ण्यधिकस्य}{part*.6}% 95
\BOOKMARK [1][-]{section*.7}{अङ्गवृत्ते पुनः}{part*.6}% 96
\BOOKMARK [1][-]{section*.7}{संज्ञापूर्वकविधेः}{part*.6}% 97
\BOOKMARK [1][-]{section*.7}{आगमशास्त्रम्}{part*.6}% 98
\BOOKMARK [1][-]{section*.7}{गणकार्यमनित्यम्}{part*.6}% 99
\BOOKMARK [1][-]{section*.7}{अनुदात्तेत्त्वलक्षणम्}{part*.6}% 100
\BOOKMARK [1][-]{section*.7}{नञ्घटितमनित्यम्}{part*.6}% 101
\BOOKMARK [1][-]{section*.7}{आतिदेशिकम्}{part*.6}% 102
\BOOKMARK [1][-]{section*.7}{सर्वविधिभ्यो लोपविधिः}{part*.6}% 103
\BOOKMARK [1][-]{section*.7}{प्रकृतिग्रहणे यङ्लुगन्तस्य}{part*.6}% 104
\BOOKMARK [1][-]{section*.7}{विधौ परिभाषा}{part*.6}% 105
\BOOKMARK [1][-]{section*.7}{उपपदविभक्तेः}{part*.6}% 106
\BOOKMARK [1][-]{section*.7}{अनन्त्यविकारे}{part*.6}% 107
\BOOKMARK [1][-]{section*.7}{नानर्थकेऽलोऽन्त्यविधिः}{part*.6}% 108
\BOOKMARK [1][-]{section*.7}{प्रधानाप्रधानयोः}{part*.6}% 109
\BOOKMARK [1][-]{section*.7}{अवयवप्रसिद्धेः}{part*.6}% 110
\BOOKMARK [1][-]{section*.7}{व्यवस्थितविभाषयापि}{part*.6}% 111
\BOOKMARK [1][-]{section*.7}{विधिनियमसम्भवे}{part*.6}% 112
\BOOKMARK [1][-]{section*.7}{सामान्यातिदेशे}{part*.6}% 113
\BOOKMARK [1][-]{section*.7}{प्रत्ययाप्रत्यययोः}{part*.6}% 114
\BOOKMARK [1][-]{section*.7}{सहचरितासहचरितयोः}{part*.6}% 115
\BOOKMARK [1][-]{section*.7}{श्रुतानुमितयोः}{part*.6}% 116
\BOOKMARK [1][-]{section*.7}{लक्षणप्रतिपदोक्तयोः}{part*.6}% 117
\BOOKMARK [1][-]{section*.7}{गामादाग्रहणेषु}{part*.6}% 118
\BOOKMARK [1][-]{section*.7}{प्रत्येकं वाक्यपरिसमाप्तिः}{part*.6}% 119
\BOOKMARK [1][-]{section*.7}{क्वचित्समुदायेऽपि}{part*.6}% 120
\BOOKMARK [1][-]{section*.7}{अभेदकाः गुणाः}{part*.6}% 121
\BOOKMARK [1][-]{section*.7}{बाधकान्येव निपातनानि}{part*.6}% 122
\BOOKMARK [1][-]{section*.7}{पर्जन्यवल्लक्षणप्रवृत्तिः}{part*.6}% 123
\BOOKMARK [1][-]{section*.7}{निषेधाश्च बलीयांसः}{part*.6}% 124
\BOOKMARK [1][-]{section*.7}{अनिर्दिष्टार्थाः प्रत्ययाः}{part*.6}% 125
\BOOKMARK [1][-]{section*.7}{योगविभागादिष्टसिद्धिः}{part*.6}% 126
\BOOKMARK [1][-]{section*.7}{पर्यायशब्दानां लाघव}{part*.6}% 127
\BOOKMARK [1][-]{section*.7}{ज्ञापकसिद्धं न सर्वत्र}{part*.6}% 128
\BOOKMARK [1][-]{section*.7}{पूर्वत्रासिद्धीयमद्वित्वे}{part*.6}% 129
\BOOKMARK [1][-]{section*.7}{एकस्या आकृतेश्चरितः}{part*.6}% 130
\BOOKMARK [1][-]{section*.7}{सम्प्रसारणं तदाश्रयं}{part*.6}% 131
\BOOKMARK [1][-]{section*.7}{क्वचिद्विकृतिः प्रकृतिं}{part*.6}% 132
\BOOKMARK [1][-]{section*.7}{औपदेशिकप्रायोगिकयोः}{part*.6}% 133
\BOOKMARK [1][-]{section*.7}{श्तिपा शपानुबन्धेन}{part*.6}% 134
\BOOKMARK [1][-]{section*.7}{पदगौरवाद्योगविभागः}{part*.6}% 135
\BOOKMARK [1][-]{section*.7}{अर्धमात्रालाघवेन}{part*.6}% 136
\BOOKMARK [1][-]{section*.7}{परिभाषापाठः}{part*.6}% 137
